0 info it worked if it ends with ok
1 verbose cli [ 'C:\\Program Files\\nodejs\\node.exe',
1 verbose cli   'C:\\Program Files\\nodejs\\node_modules\\npm\\bin\\npm-cli.js',
1 verbose cli   'run',
1 verbose cli   'build' ]
2 info using npm@4.1.2
3 info using node@v7.5.0
4 verbose run-script [ 'prebuild', 'build', 'postbuild' ]
5 info lifecycle webpack-express-typescript@1.0.0~prebuild: webpack-express-typescript@1.0.0
6 silly lifecycle webpack-express-typescript@1.0.0~prebuild: no script for prebuild, continuing
7 info lifecycle webpack-express-typescript@1.0.0~build: webpack-express-typescript@1.0.0
8 verbose lifecycle webpack-express-typescript@1.0.0~build: unsafe-perm in lifecycle true
9 verbose lifecycle webpack-express-typescript@1.0.0~build: PATH: C:\Program Files\nodejs\node_modules\npm\bin\node-gyp-bin;C:\Users\santiago\Documents\Repos\barbug\ui\server\node_modules\.bin;C:\Program Files (x86)\Intel\iCLS Client\;C:\Program Files\Intel\iCLS Client\;C:\Windows\system32;C:\Windows;C:\Windows\System32\Wbem;C:\Windows\System32\WindowsPowerShell\v1.0\;C:\Program Files (x86)\NVIDIA Corporation\PhysX\Common;C:\Program Files (x86)\Intel\Intel(R) Management Engine Components\DAL;C:\Program Files\Intel\Intel(R) Management Engine Components\DAL;C:\Program Files (x86)\Intel\Intel(R) Management Engine Components\IPT;C:\Program Files\Intel\Intel(R) Management Engine Components\IPT;C:\ProgramData\chocolatey\bin;C:\Program Files\Git\cmd;C:\WINDOWS\system32;C:\WINDOWS;C:\WINDOWS\System32\Wbem;C:\WINDOWS\System32\WindowsPowerShell\v1.0\;C:\Program Files\TortoiseSVN\bin;C:\Program Files\nodejs\;C:\Program Files\Intel\WiFi\bin\;C:\Program Files\Common Files\Intel\WirelessCommon\;C:\Program Files (x86)\Yarn\bin;;C:\Program Files (x86)\Microsoft VS Code\bin;C:\Users\santiago\AppData\Local\Microsoft\WindowsApps;C:\Users\santiago\AppData\Roaming\npm;C:\PostgreSQL\bin;C:\Users\santiago\AppData\Local\Yarn\bin
10 verbose lifecycle webpack-express-typescript@1.0.0~build: CWD: C:\Users\santiago\Documents\Repos\barbug\ui\server
11 silly lifecycle webpack-express-typescript@1.0.0~build: Args: [ '/d /s /c',
11 silly lifecycle   'node node_modules/webpack/bin/webpack.js --config config/webpack.config.js' ]
12 silly lifecycle webpack-express-typescript@1.0.0~build: Returned: code: 2  signal: null
13 info lifecycle webpack-express-typescript@1.0.0~build: Failed to exec build script
14 verbose stack Error: webpack-express-typescript@1.0.0 build: `node node_modules/webpack/bin/webpack.js --config config/webpack.config.js`
14 verbose stack Exit status 2
14 verbose stack     at EventEmitter.<anonymous> (C:\Program Files\nodejs\node_modules\npm\lib\utils\lifecycle.js:279:16)
14 verbose stack     at emitTwo (events.js:106:13)
14 verbose stack     at EventEmitter.emit (events.js:192:7)
14 verbose stack     at ChildProcess.<anonymous> (C:\Program Files\nodejs\node_modules\npm\lib\utils\spawn.js:40:14)
14 verbose stack     at emitTwo (events.js:106:13)
14 verbose stack     at ChildProcess.emit (events.js:192:7)
14 verbose stack     at maybeClose (internal/child_process.js:890:16)
14 verbose stack     at Process.ChildProcess._handle.onexit (internal/child_process.js:226:5)
15 verbose pkgid webpack-express-typescript@1.0.0
16 verbose cwd C:\Users\santiago\Documents\Repos\barbug\ui\server
17 error Windows_NT 10.0.16299
18 error argv "C:\\Program Files\\nodejs\\node.exe" "C:\\Program Files\\nodejs\\node_modules\\npm\\bin\\npm-cli.js" "run" "build"
19 error node v7.5.0
20 error npm  v4.1.2
21 error code ELIFECYCLE
22 error webpack-express-typescript@1.0.0 build: `node node_modules/webpack/bin/webpack.js --config config/webpack.config.js`
22 error Exit status 2
23 error Failed at the webpack-express-typescript@1.0.0 build script 'node node_modules/webpack/bin/webpack.js --config config/webpack.config.js'.
23 error Make sure you have the latest version of node.js and npm installed.
23 error If you do, this is most likely a problem with the webpack-express-typescript package,
23 error not with npm itself.
23 error Tell the author that this fails on your system:
23 error     node node_modules/webpack/bin/webpack.js --config config/webpack.config.js
23 error You can get information on how to open an issue for this project with:
23 error     npm bugs webpack-express-typescript
23 error Or if that isn't available, you can get their info via:
23 error     npm owner ls webpack-express-typescript
23 error There is likely additional logging output above.
24 verbose exit [ 1, true ]
